<?xml version="1.0" encoding="UTF-8"?>
<!-- Generated by org.testng.reporters.JUnitReportReporter -->
<testsuite hostname="NIJISDAS" failures="1" tests="2" name="testRunner.TestNGtestrunner" time="26.487" errors="0" timestamp="2022-04-08T07:33:38 IST" skipped="0">
  <testcase classname="testRunner.TestNGtestrunner" name="runScenario" time="12.686"/>
  <system-out/>
  <testcase classname="testRunner.TestNGtestrunner" name="runScenario" time="13.801">
    <failure message="expected [Beetroot] but found [No data]" type="java.lang.AssertionError">
      <![CDATA[java.lang.AssertionError: expected [Beetroot] but found [No data]
at org.testng.Assert.fail(Assert.java:99)
at org.testng.Assert.failNotEquals(Assert.java:1037)
at org.testng.Assert.assertEqualsImpl(Assert.java:140)
at org.testng.Assert.assertEquals(Assert.java:122)
at org.testng.Assert.assertEquals(Assert.java:629)
at org.testng.Assert.assertEquals(Assert.java:639)
at stepDefinitions.OfferPageSD.vaidate_product_name_in_offer_page_is_same_as_in_landing_page(OfferPageSD.java:63)
at ✽.Vaidate product name in offer page is same as in landing page(file:///D:/NJ15032022/Git/Git_Workspace/DemoCucumber/src/test/java/features/SearchProduct.feature:14)
]]>
    </failure>
  </testcase> <!-- runScenario -->
  <system-out/>
</testsuite> <!-- testRunner.TestNGtestrunner -->
